<?xml version="1.0" encoding="UTF-8"?>
<!-- Generated by org.testng.reporters.JUnitReportReporter -->
<testsuite hostname="Apples-MacBook-Pro.local" name="com.lambdatest.run_parallel_test.ParallelTest" tests="4" failures="0" timestamp="23 Dec 2021 11:11:29 GMT" time="237.092" errors="0">
  <testcase name="test2" time="35.651" classname="com.lambdatest.run_parallel_test.ParallelTest"/>
  <testcase name="test1" time="43.522" classname="com.lambdatest.run_parallel_test.ParallelTest"/>
  <testcase name="test1" time="113.503" classname="com.lambdatest.run_parallel_test.ParallelTest"/>
  <testcase name="test2" time="44.416" classname="com.lambdatest.run_parallel_test.ParallelTest"/>
</testsuite> <!-- com.lambdatest.run_parallel_test.ParallelTest -->
