<?xml version="1.0" encoding="UTF-8"?>
<!-- Generated by org.testng.reporters.JUnitReportReporter -->
<testsuite hostname="Apples-MacBook-Pro.local" name="com.lambdatest.run_parallel_test.ParallelTest" tests="4" failures="0" timestamp="22 Dec 2021 12:50:18 GMT" time="166.960" errors="0">
  <testcase name="test1" time="47.931" classname="com.lambdatest.run_parallel_test.ParallelTest"/>
  <testcase name="test1" time="33.747" classname="com.lambdatest.run_parallel_test.ParallelTest"/>
  <testcase name="test2" time="40.639" classname="com.lambdatest.run_parallel_test.ParallelTest"/>
  <testcase name="test2" time="44.643" classname="com.lambdatest.run_parallel_test.ParallelTest"/>
</testsuite> <!-- com.lambdatest.run_parallel_test.ParallelTest -->
